\BOOKMARK [1][-]{section.1}{Introduction}{}% 1
\BOOKMARK [1][-]{section.2}{1D model}{}% 2
\BOOKMARK [2][-]{subsection.2.1}{posteriori error estimate}{section.2}% 3
\BOOKMARK [2][-]{subsection.2.2}{1D adaptive finite element approach}{section.2}% 4
\BOOKMARK [2][-]{subsection.2.3}{results for 1D}{section.2}% 5
\BOOKMARK [1][-]{section.3}{2D model}{}% 6
\BOOKMARK [2][-]{subsection.3.1}{2D Laplace equation in matlab}{section.3}% 7
\BOOKMARK [2][-]{subsection.3.2}{2D torus}{section.3}% 8
\BOOKMARK [1][-]{section.4}{3D model}{}% 9
\BOOKMARK [2][-]{subsection.4.1}{FEniCS implementation for 2D and 3D mesh}{section.4}% 10
\BOOKMARK [2][-]{subsection.4.2}{3D torus hormone emission analysis}{section.4}% 11
\BOOKMARK [2][-]{subsection.4.3}{Torus optimisation}{section.4}% 12
\BOOKMARK [1][-]{section.5}{Conclusion}{}% 13
\BOOKMARK [1][-]{section.6}{Reference}{}% 14
\BOOKMARK [1][-]{section.7}{Appendix}{}% 15
\BOOKMARK [2][-]{subsection.7.1}{1D code in matlab}{section.7}% 16
\BOOKMARK [2][-]{subsection.7.2}{2D code in matlab}{section.7}% 17
\BOOKMARK [3][-]{subsubsection.7.2.1}{2D time independent Laplace equation code in matlab}{subsection.7.2}% 18
\BOOKMARK [3][-]{subsubsection.7.2.2}{2D torus code in matlab}{subsection.7.2}% 19
\BOOKMARK [2][-]{subsection.7.3}{3D code in python implement FEniCS}{section.7}% 20
